<?xml version="1.0" encoding="UTF-8"?>
<testsuite name="org.generation.SpringBootAssessment.SpringBootAssessmentApplicationTests" tests="1" skipped="0" failures="0" errors="0" timestamp="2022-03-14T18:49:17" hostname="DESKTOP-RV4BEJ5" time="0.256">
  <properties/>
  <testcase name="contextLoads()" classname="org.generation.SpringBootAssessment.SpringBootAssessmentApplicationTests" time="0.256"/>
  <system-out><![CDATA[02:49:12.894 [Test worker] DEBUG org.springframework.test.context.BootstrapUtils - Instantiating CacheAwareContextLoaderDelegate from class [org.springframework.test.context.cache.DefaultCacheAwareContextLoaderDelegate]
02:49:12.906 [Test worker] DEBUG org.springframework.test.context.BootstrapUtils - Instantiating BootstrapContext using constructor [public org.springframework.test.context.support.DefaultBootstrapContext(java.lang.Class,org.springframework.test.context.CacheAwareContextLoaderDelegate)]
02:49:12.939 [Test worker] DEBUG org.springframework.test.context.BootstrapUtils - Instantiating TestContextBootstrapper for test class [org.generation.SpringBootAssessment.SpringBootAssessmentApplicationTests] from class [org.springframework.boot.test.context.SpringBootTestContextBootstrapper]
02:49:12.950 [Test worker] INFO org.springframework.boot.test.context.SpringBootTestContextBootstrapper - Neither @ContextConfiguration nor @ContextHierarchy found for test class [org.generation.SpringBootAssessment.SpringBootAssessmentApplicationTests], using SpringBootContextLoader
02:49:12.955 [Test worker] DEBUG org.springframework.test.context.support.AbstractContextLoader - Did not detect default resource location for test class [org.generation.SpringBootAssessment.SpringBootAssessmentApplicationTests]: class path resource [org/generation/SpringBootAssessment/SpringBootAssessmentApplicationTests-context.xml] does not exist
02:49:12.955 [Test worker] DEBUG org.springframework.test.context.support.AbstractContextLoader - Did not detect default resource location for test class [org.generation.SpringBootAssessment.SpringBootAssessmentApplicationTests]: class path resource [org/generation/SpringBootAssessment/SpringBootAssessmentApplicationTestsContext.groovy] does not exist
02:49:12.955 [Test worker] INFO org.springframework.test.context.support.AbstractContextLoader - Could not detect default resource locations for test class [org.generation.SpringBootAssessment.SpringBootAssessmentApplicationTests]: no resource found for suffixes {-context.xml, Context.groovy}.
02:49:12.956 [Test worker] INFO org.springframework.test.context.support.AnnotationConfigContextLoaderUtils - Could not detect default configuration classes for test class [org.generation.SpringBootAssessment.SpringBootAssessmentApplicationTests]: SpringBootAssessmentApplicationTests does not declare any static, non-private, non-final, nested classes annotated with @Configuration.
02:49:13.004 [Test worker] DEBUG org.springframework.test.context.support.ActiveProfilesUtils - Could not find an 'annotation declaring class' for annotation type [org.springframework.test.context.ActiveProfiles] and class [org.generation.SpringBootAssessment.SpringBootAssessmentApplicationTests]
02:49:13.072 [Test worker] DEBUG org.springframework.context.annotation.ClassPathScanningCandidateComponentProvider - Identified candidate component class: file [C:\Users\PrimoSpade\Github\SpringBootAssessment\build\classes\java\main\org\generation\SpringBootAssessment\SpringBootAssessmentApplication.class]
02:49:13.074 [Test worker] INFO org.springframework.boot.test.context.SpringBootTestContextBootstrapper - Found @SpringBootConfiguration org.generation.SpringBootAssessment.SpringBootAssessmentApplication for test class org.generation.SpringBootAssessment.SpringBootAssessmentApplicationTests
02:49:13.190 [Test worker] DEBUG org.springframework.boot.test.context.SpringBootTestContextBootstrapper - @TestExecutionListeners is not present for class [org.generation.SpringBootAssessment.SpringBootAssessmentApplicationTests]: using defaults.
02:49:13.191 [Test worker] INFO org.springframework.boot.test.context.SpringBootTestContextBootstrapper - Loaded default TestExecutionListener class names from location [META-INF/spring.factories]: [org.springframework.boot.test.autoconfigure.restdocs.RestDocsTestExecutionListener, org.springframework.boot.test.autoconfigure.web.client.MockRestServiceServerResetTestExecutionListener, org.springframework.boot.test.autoconfigure.web.servlet.MockMvcPrintOnlyOnFailureTestExecutionListener, org.springframework.boot.test.autoconfigure.web.servlet.WebDriverTestExecutionListener, org.springframework.boot.test.autoconfigure.webservices.client.MockWebServiceServerTestExecutionListener, org.springframework.boot.test.mock.mockito.MockitoTestExecutionListener, org.springframework.boot.test.mock.mockito.ResetMocksTestExecutionListener, org.springframework.test.context.web.ServletTestExecutionListener, org.springframework.test.context.support.DirtiesContextBeforeModesTestExecutionListener, org.springframework.test.context.event.ApplicationEventsTestExecutionListener, org.springframework.test.context.support.DependencyInjectionTestExecutionListener, org.springframework.test.context.support.DirtiesContextTestExecutionListener, org.springframework.test.context.transaction.TransactionalTestExecutionListener, org.springframework.test.context.jdbc.SqlScriptsTestExecutionListener, org.springframework.test.context.event.EventPublishingTestExecutionListener]
02:49:13.208 [Test worker] INFO org.springframework.boot.test.context.SpringBootTestContextBootstrapper - Using TestExecutionListeners: [org.springframework.test.context.web.ServletTestExecutionListener@46f699d5, org.springframework.test.context.support.DirtiesContextBeforeModesTestExecutionListener@18518ccf, org.springframework.test.context.event.ApplicationEventsTestExecutionListener@1991f767, org.springframework.boot.test.mock.mockito.MockitoTestExecutionListener@768ccdc5, org.springframework.boot.test.autoconfigure.SpringBootDependencyInjectionTestExecutionListener@4c6daf0, org.springframework.test.context.support.DirtiesContextTestExecutionListener@10650953, org.springframework.test.context.transaction.TransactionalTestExecutionListener@659eef7, org.springframework.test.context.jdbc.SqlScriptsTestExecutionListener@162be91c, org.springframework.test.context.event.EventPublishingTestExecutionListener@2488b073, org.springframework.boot.test.autoconfigure.restdocs.RestDocsTestExecutionListener@1c9f0a20, org.springframework.boot.test.autoconfigure.web.client.MockRestServiceServerResetTestExecutionListener@55787112, org.springframework.boot.test.autoconfigure.web.servlet.MockMvcPrintOnlyOnFailureTestExecutionListener@1cd201a8, org.springframework.boot.test.autoconfigure.web.servlet.WebDriverTestExecutionListener@7db82169, org.springframework.boot.test.autoconfigure.webservices.client.MockWebServiceServerTestExecutionListener@1992eaf4, org.springframework.boot.test.mock.mockito.ResetMocksTestExecutionListener@f74e835]
02:49:13.212 [Test worker] DEBUG org.springframework.test.context.support.AbstractDirtiesContextTestExecutionListener - Before test class: context [DefaultTestContext@1643d68f testClass = SpringBootAssessmentApplicationTests, testInstance = [null], testMethod = [null], testException = [null], mergedContextConfiguration = [WebMergedContextConfiguration@186978a6 testClass = SpringBootAssessmentApplicationTests, locations = '{}', classes = '{class org.generation.SpringBootAssessment.SpringBootAssessmentApplication}', contextInitializerClasses = '[]', activeProfiles = '{}', propertySourceLocations = '{}', propertySourceProperties = '{org.springframework.boot.test.context.SpringBootTestContextBootstrapper=true}', contextCustomizers = set[org.springframework.boot.test.autoconfigure.actuate.metrics.MetricsExportContextCustomizerFactory$DisableMetricExportContextCustomizer@4426bff1, org.springframework.boot.test.autoconfigure.properties.PropertyMappingContextCustomizer@0, org.springframework.boot.test.autoconfigure.web.servlet.WebDriverContextCustomizerFactory$Customizer@4ed5eb72, org.springframework.boot.test.context.filter.ExcludeFilterContextCustomizer@40db2a24, org.springframework.boot.test.json.DuplicateJsonObjectContextCustomizerFactory$DuplicateJsonObjectContextCustomizer@ee86bcb, org.springframework.boot.test.mock.mockito.MockitoContextCustomizer@0, org.springframework.boot.test.web.client.TestRestTemplateContextCustomizer@344f4dea, org.springframework.boot.test.context.SpringBootTestArgs@1, org.springframework.boot.test.context.SpringBootTestWebEnvironment@5ace1ed4], resourceBasePath = 'src/main/webapp', contextLoader = 'org.springframework.boot.test.context.SpringBootContextLoader', parent = [null]], attributes = map['org.springframework.test.context.web.ServletTestExecutionListener.activateListener' -> true]], class annotated with @DirtiesContext [false] with mode [null].

  .   ____          _            __ _ _
 /\\ / ___'_ __ _ _(_)_ __  __ _ \ \ \ \
( ( )\___ | '_ | '_| | '_ \/ _` | \ \ \ \
 \\/  ___)| |_)| | | | | || (_| |  ) ) ) )
  '  |____| .__|_| |_|_| |_\__, | / / / /
 =========|_|==============|___/=/_/_/_/
 :: Spring Boot ::                (v2.6.4)

2022-03-15 02:49:13.540  INFO 12472 --- [    Test worker] g.S.SpringBootAssessmentApplicationTests : Starting SpringBootAssessmentApplicationTests using Java 17.0.2 on DESKTOP-RV4BEJ5 with PID 12472 (started by PrimoSpade in C:\Users\PrimoSpade\Github\SpringBootAssessment)
2022-03-15 02:49:13.542  INFO 12472 --- [    Test worker] g.S.SpringBootAssessmentApplicationTests : No active profile set, falling back to 1 default profile: "default"
2022-03-15 02:49:14.217  INFO 12472 --- [    Test worker] .s.d.r.c.RepositoryConfigurationDelegate : Bootstrapping Spring Data JPA repositories in DEFAULT mode.
2022-03-15 02:49:14.271  INFO 12472 --- [    Test worker] .s.d.r.c.RepositoryConfigurationDelegate : Finished Spring Data repository scanning in 44 ms. Found 1 JPA repository interfaces.
2022-03-15 02:49:14.913  INFO 12472 --- [    Test worker] com.zaxxer.hikari.HikariDataSource       : HikariPool-1 - Starting...
2022-03-15 02:49:15.229  INFO 12472 --- [    Test worker] com.zaxxer.hikari.HikariDataSource       : HikariPool-1 - Start completed.
2022-03-15 02:49:15.299  INFO 12472 --- [    Test worker] o.hibernate.jpa.internal.util.LogHelper  : HHH000204: Processing PersistenceUnitInfo [name: default]
2022-03-15 02:49:15.371  INFO 12472 --- [    Test worker] org.hibernate.Version                    : HHH000412: Hibernate ORM core version 5.6.5.Final
2022-03-15 02:49:15.672  INFO 12472 --- [    Test worker] o.hibernate.annotations.common.Version   : HCANN000001: Hibernate Commons Annotations {5.1.2.Final}
2022-03-15 02:49:15.850  INFO 12472 --- [    Test worker] org.hibernate.dialect.Dialect            : HHH000400: Using dialect: org.hibernate.dialect.MySQL8Dialect
2022-03-15 02:49:16.401  INFO 12472 --- [    Test worker] o.h.e.t.j.p.i.JtaPlatformInitiator       : HHH000490: Using JtaPlatform implementation: [org.hibernate.engine.transaction.jta.platform.internal.NoJtaPlatform]
2022-03-15 02:49:16.410  INFO 12472 --- [    Test worker] j.LocalContainerEntityManagerFactoryBean : Initialized JPA EntityManagerFactory for persistence unit 'default'
2022-03-15 02:49:16.987  WARN 12472 --- [    Test worker] JpaBaseConfiguration$JpaWebConfiguration : spring.jpa.open-in-view is enabled by default. Therefore, database queries may be performed during view rendering. Explicitly configure spring.jpa.open-in-view to disable this warning
2022-03-15 02:49:17.409  INFO 12472 --- [    Test worker] o.s.b.a.w.s.WelcomePageHandlerMapping    : Adding welcome page template: index
2022-03-15 02:49:17.794  INFO 12472 --- [    Test worker] g.S.SpringBootAssessmentApplicationTests : Started SpringBootAssessmentApplicationTests in 4.545 seconds (JVM running for 5.747)
]]></system-out>
  <system-err><![CDATA[]]></system-err>
</testsuite>
